<?xml version="1.0" encoding="UTF-8"?>
<!-- Generated by org.testng.reporters.JUnitReportReporter -->
<testsuite hostname="LAPTOP-48ORBJJK" failures="0" tests="1" name="GroupExecutionClass.AlluArjun" time="7.125" errors="0" timestamp="2024-07-16T13:26:35 IST" skipped="0">
  <testcase classname="GroupExecutionClass.AlluArjun" name="executeScript" time="7.125">
    <system-out>
      <![CDATA[Allu]]>
    </system-out>
  </testcase> <!-- executeScript -->
  <system-out>
    <![CDATA[Allu
mahesh]]>
  </system-out>
</testsuite> <!-- GroupExecutionClass.AlluArjun -->
