<?xml version="1.0" encoding="UTF-8"?>
<!-- Generated by org.testng.reporters.JUnitReportReporter -->
<testsuite hostname="LAPTOP-48ORBJJK" failures="0" tests="3" name="TestScript.TimeoutMethodAttribute" time="14.353" errors="0" timestamp="2024-07-17T12:59:07 IST" skipped="0">
  <testcase classname="TestScript.TimeoutMethodAttribute" name="blacklipstick" time="5.532"/>
  <testcase classname="TestScript.TimeoutMethodAttribute" name="redlipstick" time="3.820"/>
  <testcase classname="TestScript.TimeoutMethodAttribute" name="greenlipstick" time="5.001"/>
</testsuite> <!-- TestScript.TimeoutMethodAttribute -->
