<?xml version="1.0" encoding="UTF-8"?>
<!-- Generated by org.testng.reporters.JUnitReportReporter -->
<testsuite hostname="LAPTOP-48ORBJJK" failures="0" tests="1" name="GroupExecutionClass.Yash" time="4.517" errors="0" timestamp="2024-07-16T13:22:29 IST" skipped="0">
  <testcase classname="GroupExecutionClass.Yash" name="executeScript" time="4.517">
    <system-out>
      <![CDATA[Yash]]>
    </system-out>
  </testcase> <!-- executeScript -->
  <system-out>
    <![CDATA[Allu
vicky
Yash
mahesh
puneeth]]>
  </system-out>
</testsuite> <!-- GroupExecutionClass.Yash -->
