<?xml version="1.0" encoding="UTF-8"?>
<!-- Generated by org.testng.reporters.JUnitReportReporter -->
<testsuite hostname="LAPTOP-48ORBJJK" failures="0" tests="1" name="TestScript.TestScript001" time="0.006" errors="0" timestamp="2024-07-16T16:05:43 IST" skipped="0">
  <testcase classname="TestScript.TestScript001" name="executeScript" time="0.006">
    <system-out>
      <![CDATA[ExecuteScript1]]>
    </system-out>
  </testcase> <!-- executeScript -->
  <system-out>
    <![CDATA[Before Suits
Before Test
Before Class
Before Method
ExecuteScript1
After Method
After Class
After Test
After Suite]]>
  </system-out>
</testsuite> <!-- TestScript.TestScript001 -->
