<?xml version="1.0" encoding="UTF-8"?>
<!-- Generated by org.testng.reporters.JUnitReportReporter -->
<testsuite hostname="LAPTOP-48ORBJJK" failures="0" tests="2" name="TestScript.TC002" time="0.007" errors="0" timestamp="2024-07-12T16:04:00 IST" skipped="0">
  <testcase classname="TestScript.TC002" name="executeScript2" time="0.002">
    <system-out>
      <![CDATA[Excecute test case 2]]>
    </system-out>
  </testcase> <!-- executeScript2 -->
  <testcase classname="TestScript.TC002" name="executeScript1" time="0.005">
    <system-out>
      <![CDATA[Execute test case 1]]>
    </system-out>
  </testcase> <!-- executeScript1 -->
  <system-out>
    <![CDATA[Execute test case 1
Excecute test case 2]]>
  </system-out>
</testsuite> <!-- TestScript.TC002 -->
