<?xml version="1.0" encoding="UTF-8"?>
<!-- Generated by org.testng.reporters.JUnitReportReporter -->
<testsuite hostname="LAPTOP-48ORBJJK" failures="0" tests="3" name="TestScript.DependsOnMethodAtrribute" time="10.574" errors="0" timestamp="2024-07-13T20:46:54 IST" skipped="0">
  <testcase classname="TestScript.DependsOnMethodAtrribute" name="noodles" time="2.683"/>
  <testcase classname="TestScript.DependsOnMethodAtrribute" name="biryani" time="4.936"/>
  <testcase classname="TestScript.DependsOnMethodAtrribute" name="pasta" time="2.955"/>
</testsuite> <!-- TestScript.DependsOnMethodAtrribute -->
