<?xml version="1.0" encoding="UTF-8"?>
<!-- Generated by org.testng.reporters.JUnitReportReporter -->
<testsuite hostname="LAPTOP-48ORBJJK" failures="0" tests="1" name="WebDriver.BMW" time="135.972" errors="0" timestamp="2024-07-16T16:07:28 IST" skipped="0">
  <testcase classname="WebDriver.BMW" name="bmw" time="135.972"/>
</testsuite> <!-- WebDriver.BMW -->
