<?xml version="1.0" encoding="UTF-8"?>
<!-- Generated by org.testng.reporters.JUnitReportReporter -->
<testsuite hostname="LAPTOP-48ORBJJK" failures="0" tests="1" name="GroupExecutionClass.Puneeth" time="3.181" errors="0" timestamp="2024-07-16T13:22:29 IST" skipped="0">
  <testcase classname="GroupExecutionClass.Puneeth" name="executeScript" time="3.181">
    <system-out>
      <![CDATA[puneeth]]>
    </system-out>
  </testcase> <!-- executeScript -->
  <system-out>
    <![CDATA[Allu
vicky
Yash
mahesh
puneeth]]>
  </system-out>
</testsuite> <!-- GroupExecutionClass.Puneeth -->
