<?xml version="1.0" encoding="UTF-8"?>
<!-- Generated by org.testng.reporters.JUnitReportReporter -->
<testsuite hostname="LAPTOP-48ORBJJK" failures="0" tests="3" name="TestScript.EnabledAtrribute" time="10.803" errors="0" timestamp="2024-07-13T20:55:06 IST" skipped="0">
  <testcase classname="TestScript.EnabledAtrribute" name="pulsar" time="4.852"/>
  <testcase classname="TestScript.EnabledAtrribute" name="shine" time="2.539"/>
  <testcase classname="TestScript.EnabledAtrribute" name="bmw" time="3.412"/>
</testsuite> <!-- TestScript.EnabledAtrribute -->
