<?xml version="1.0" encoding="UTF-8"?>
<!-- Generated by org.testng.reporters.JUnitReportReporter -->
<testsuite hostname="LAPTOP-48ORBJJK" failures="0" tests="5" name="TestScript.Bikes" time="18.037" errors="0" timestamp="2024-07-13T19:19:47 IST" skipped="0">
  <testcase classname="TestScript.Bikes" name="shine" time="6.653"/>
  <testcase classname="TestScript.Bikes" name="shine" time="3.672"/>
  <testcase classname="TestScript.Bikes" name="shine" time="1.452"/>
  <testcase classname="TestScript.Bikes" name="hayabusa" time="4.229"/>
  <testcase classname="TestScript.Bikes" name="BMW" time="2.031"/>
</testsuite> <!-- TestScript.Bikes -->
