<?xml version="1.0" encoding="UTF-8"?>
<!-- Generated by org.testng.reporters.JUnitReportReporter -->
<testsuite hostname="LAPTOP-48ORBJJK" failures="0" tests="5" name="TestScript.InvocationAndThreadMethod" time="28.617" errors="0" timestamp="2024-07-13T21:33:33 IST" skipped="0">
  <testcase classname="TestScript.InvocationAndThreadMethod" name="saree" time="6.048"/>
  <testcase classname="TestScript.InvocationAndThreadMethod" name="saree" time="2.322"/>
  <testcase classname="TestScript.InvocationAndThreadMethod" name="saree" time="8.224"/>
  <testcase classname="TestScript.InvocationAndThreadMethod" name="sharara" time="4.665"/>
  <testcase classname="TestScript.InvocationAndThreadMethod" name="lehanga" time="7.358"/>
</testsuite> <!-- TestScript.InvocationAndThreadMethod -->
