<?xml version="1.0" encoding="UTF-8"?>
<!-- Generated by org.testng.reporters.JUnitReportReporter -->
<testsuite hostname="LAPTOP-48ORBJJK" failures="0" tests="1" name="BatchExecution.Meesho" time="3.208" errors="0" timestamp="2024-07-17T20:38:56 IST" skipped="0">
  <testcase classname="BatchExecution.Meesho" name="meesho" time="3.208"/>
</testsuite> <!-- BatchExecution.Meesho -->
