<?xml version="1.0" encoding="UTF-8"?>
<!-- Generated by org.testng.reporters.JUnitReportReporter -->
<testsuite hostname="LAPTOP-48ORBJJK" failures="0" tests="1" name="BatchExecution.TestNgXmlFile2" time="5.773" errors="0" timestamp="2024-07-17T20:38:56 IST" skipped="0">
  <testcase classname="BatchExecution.TestNgXmlFile2" name="shahidkapoor" time="5.773"/>
</testsuite> <!-- BatchExecution.TestNgXmlFile2 -->
